<?xml version="1.0" encoding="UTF-8"?>
<!-- Generated by org.testng.reporters.JUnitReportReporter -->
<testsuite hostname="7A2A00VBLM5DFA1" name="com.wechat.utils.StringToJsonStr" tests="1" failures="0" timestamp="18 Jul 2016 05:46:37 GMT" time="0.090" errors="0">
  <testcase name="test" time="0.090" classname="com.wechat.utils.StringToJsonStr"/>
</testsuite> <!-- com.wechat.utils.StringToJsonStr -->
